android/app/build/intermediates/manifest_merge_blame_file/release/manifest-merger-blame-release-report.txt
1<?xml version="1.0" encoding="utf-8"?>
2<manifest xmlns:android="http://schemas.android.com/apk/res/android"
3    package="com.makesol.tpp"
4    android:versionCode="105"
5    android:versionName="1.0.5" >
6
7    <uses-sdk
8        android:minSdkVersion="21"
8-->src/main/AndroidManifest.xml
9        android:targetSdkVersion="33" />
9-->src/main/AndroidManifest.xml
10
11    <uses-permission android:name="android.permission.INTERNET" />
11-->src/main/AndroidManifest.xml:3:5-67
11-->src/main/AndroidManifest.xml:3:22-64
12    <!-- Always include this permission -->
13    <uses-permission android:name="android.permission.ACCESS_COARSE_LOCATION" />
13-->src/main/AndroidManifest.xml:5:5-81
13-->src/main/AndroidManifest.xml:5:22-78
14    <!-- Include only if your app benefits from precise location access. -->
15    <uses-permission android:name="android.permission.ACCESS_FINE_LOCATION" />
15-->src/main/AndroidManifest.xml:7:5-79
15-->src/main/AndroidManifest.xml:7:22-76
16    <uses-permission android:name="android.permission.INTERNET" />
16-->src/main/AndroidManifest.xml:3:5-67
16-->src/main/AndroidManifest.xml:3:22-64
17    <uses-permission android:name="android.permission.CAMERA" />
17-->src/main/AndroidManifest.xml:9:5-65
17-->src/main/AndroidManifest.xml:9:22-62
18    <uses-permission android:name="android.permission.WRITE_EXTERNAL_STORAGE" />
18-->src/main/AndroidManifest.xml:10:5-11:65
18-->src/main/AndroidManifest.xml:11:6-62
19    <uses-permission android:name="android.permission.ACCESS_NETWORK_STATE" />
19-->[com.google.firebase:firebase-iid:19.0.1] AndroidManifest.xml:22:5-79
19-->[com.google.firebase:firebase-iid:19.0.1] AndroidManifest.xml:22:22-76
20    <uses-permission android:name="android.permission.WAKE_LOCK" /> <!-- Required by older versions of Google Play services to create IID tokens -->
20-->[com.google.firebase:firebase-iid:19.0.1] AndroidManifest.xml:24:5-68
20-->[com.google.firebase:firebase-iid:19.0.1] AndroidManifest.xml:24:22-65
21    <uses-permission android:name="com.google.android.c2dm.permission.RECEIVE" />
21-->[com.google.firebase:firebase-iid:19.0.1] AndroidManifest.xml:26:5-82
21-->[com.google.firebase:firebase-iid:19.0.1] AndroidManifest.xml:26:22-79
22
23    <queries>
23-->[androidx.camera:camera-extensions:1.1.0-beta02] AndroidManifest.xml:24:5-28:15
24        <intent>
24-->[androidx.camera:camera-extensions:1.1.0-beta02] AndroidManifest.xml:25:9-27:18
25            <action android:name="androidx.camera.extensions.action.VENDOR_ACTION" />
25-->[androidx.camera:camera-extensions:1.1.0-beta02] AndroidManifest.xml:26:13-86
25-->[androidx.camera:camera-extensions:1.1.0-beta02] AndroidManifest.xml:26:21-83
26        </intent>
27    </queries>
28
29    <uses-permission android:name="com.google.android.finsky.permission.BIND_GET_INSTALL_REFERRER_SERVICE" />
29-->[com.android.installreferrer:installreferrer:1.1.2] AndroidManifest.xml:9:5-110
29-->[com.android.installreferrer:installreferrer:1.1.2] AndroidManifest.xml:9:22-107
30
31    <application
31-->src/main/AndroidManifest.xml:13:5-48:19
32        android:name="com.makesol.tpp.MainApplication"
32-->src/main/AndroidManifest.xml:14:7-38
33        android:allowBackup="false"
33-->src/main/AndroidManifest.xml:17:7-34
34        android:appComponentFactory="androidx.core.app.CoreComponentFactory"
34-->[androidx.core:core:1.7.0] AndroidManifest.xml:24:18-86
35        android:icon="@mipmap/ic_launcher"
35-->src/main/AndroidManifest.xml:16:7-41
36        android:label="@string/app_name"
36-->src/main/AndroidManifest.xml:15:7-39
37        android:supportsRtl="false"
37-->src/main/AndroidManifest.xml:19:7-34
38        android:theme="@style/AppTheme"
38-->src/main/AndroidManifest.xml:18:7-38
39        android:usesCleartextTraffic="true" >
39-->src/main/AndroidManifest.xml:20:1-36
40        <activity
40-->src/main/AndroidManifest.xml:22:7-32:18
41            android:name="com.makesol.tpp.SplashActivity"
41-->src/main/AndroidManifest.xml:23:9-39
42            android:exported="true"
42-->src/main/AndroidManifest.xml:26:9-32
43            android:label="@string/app_name"
43-->src/main/AndroidManifest.xml:25:9-41
44            android:theme="@style/SplashTheme" >
44-->src/main/AndroidManifest.xml:24:9-43
45            <intent-filter>
45-->src/main/AndroidManifest.xml:28:9-31:25
46                <action android:name="android.intent.action.MAIN" />
46-->src/main/AndroidManifest.xml:29:11-63
46-->src/main/AndroidManifest.xml:29:19-60
47
48                <category android:name="android.intent.category.LAUNCHER" />
48-->src/main/AndroidManifest.xml:30:11-71
48-->src/main/AndroidManifest.xml:30:21-68
49            </intent-filter>
50        </activity>
51        <activity
51-->src/main/AndroidManifest.xml:34:7-44:18
52            android:name="com.makesol.tpp.MainActivity"
52-->src/main/AndroidManifest.xml:35:9-37
53            android:configChanges="keyboard|keyboardHidden|orientation|screenLayout|screenSize|smallestScreenSize|uiMode"
53-->src/main/AndroidManifest.xml:37:9-118
54            android:exported="true"
54-->src/main/AndroidManifest.xml:40:9-32
55            android:label="@string/app_name"
55-->src/main/AndroidManifest.xml:36:9-41
56            android:launchMode="singleTask"
56-->src/main/AndroidManifest.xml:38:9-40
57            android:windowSoftInputMode="adjustResize" >
57-->src/main/AndroidManifest.xml:39:9-51
58            <intent-filter>
58-->src/main/AndroidManifest.xml:41:9-43:25
59                <action android:name="android.intent.action.MAIN" />
59-->src/main/AndroidManifest.xml:29:11-63
59-->src/main/AndroidManifest.xml:29:19-60
60            </intent-filter>
61        </activity>
62<!--       <meta-data android:name="MAPBOX_DOWNLOADS_TOKEN" android:value="pk.eyJ1IjoieWFzaXJiIiwiYSI6ImNsZGx1ZnA1ZTAzNGM0MG1mb2J4Nzc2MnIifQ.Vm9KR5F44R9oHdjuMj-87Q" /> -->
63        <provider
63-->[:react-native-image-picker] AndroidManifest.xml:10:9-18:20
64            android:name="com.imagepicker.ImagePickerProvider"
64-->[:react-native-image-picker] AndroidManifest.xml:11:13-63
65            android:authorities="com.makesol.tpp.imagepickerprovider"
65-->[:react-native-image-picker] AndroidManifest.xml:12:13-71
66            android:exported="false"
66-->[:react-native-image-picker] AndroidManifest.xml:13:13-37
67            android:grantUriPermissions="true" >
67-->[:react-native-image-picker] AndroidManifest.xml:14:13-47
68            <meta-data
68-->[:react-native-image-picker] AndroidManifest.xml:15:13-17:70
69                android:name="android.support.FILE_PROVIDER_PATHS"
69-->[:react-native-image-picker] AndroidManifest.xml:16:17-67
70                android:resource="@xml/imagepicker_provider_paths" />
70-->[:react-native-image-picker] AndroidManifest.xml:17:17-67
71        </provider>
72
73        <service
73-->[com.google.firebase:firebase-iid:19.0.1] AndroidManifest.xml:29:9-35:19
74            android:name="com.google.firebase.components.ComponentDiscoveryService"
74-->[com.google.firebase:firebase-iid:19.0.1] AndroidManifest.xml:30:13-84
75            android:exported="false" >
75-->[com.google.firebase:firebase-iid:19.0.1] AndroidManifest.xml:31:13-37
76            <meta-data
76-->[com.google.firebase:firebase-iid:19.0.1] AndroidManifest.xml:32:13-34:85
77                android:name="com.google.firebase.components:com.google.firebase.iid.Registrar"
77-->[com.google.firebase:firebase-iid:19.0.1] AndroidManifest.xml:33:17-96
78                android:value="com.google.firebase.components.ComponentRegistrar" />
78-->[com.google.firebase:firebase-iid:19.0.1] AndroidManifest.xml:34:17-82
79        </service>
80
81        <receiver
81-->[com.google.firebase:firebase-iid:19.0.1] AndroidManifest.xml:37:9-44:20
82            android:name="com.google.firebase.iid.FirebaseInstanceIdReceiver"
82-->[com.google.firebase:firebase-iid:19.0.1] AndroidManifest.xml:38:13-78
83            android:exported="true"
83-->[com.google.firebase:firebase-iid:19.0.1] AndroidManifest.xml:39:13-36
84            android:permission="com.google.android.c2dm.permission.SEND" >
84-->[com.google.firebase:firebase-iid:19.0.1] AndroidManifest.xml:40:13-73
85            <intent-filter>
85-->[com.google.firebase:firebase-iid:19.0.1] AndroidManifest.xml:41:13-43:29
86                <action android:name="com.google.android.c2dm.intent.RECEIVE" />
86-->[com.google.firebase:firebase-iid:19.0.1] AndroidManifest.xml:42:17-81
86-->[com.google.firebase:firebase-iid:19.0.1] AndroidManifest.xml:42:25-78
87            </intent-filter>
88        </receiver>
89
90        <provider
90-->[com.google.firebase:firebase-common:18.0.0] AndroidManifest.xml:12:9-16:39
91            android:name="com.google.firebase.provider.FirebaseInitProvider"
91-->[com.google.firebase:firebase-common:18.0.0] AndroidManifest.xml:13:13-77
92            android:authorities="com.makesol.tpp.firebaseinitprovider"
92-->[com.google.firebase:firebase-common:18.0.0] AndroidManifest.xml:14:13-72
93            android:exported="false"
93-->[com.google.firebase:firebase-common:18.0.0] AndroidManifest.xml:15:13-37
94            android:initOrder="100" />
94-->[com.google.firebase:firebase-common:18.0.0] AndroidManifest.xml:16:13-36
95
96        <activity
96-->[com.google.android.gms:play-services-base:17.5.0] AndroidManifest.xml:23:9-26:75
97            android:name="com.google.android.gms.common.api.GoogleApiActivity"
97-->[com.google.android.gms:play-services-base:17.5.0] AndroidManifest.xml:24:13-79
98            android:exported="false"
98-->[com.google.android.gms:play-services-base:17.5.0] AndroidManifest.xml:25:13-37
99            android:theme="@android:style/Theme.Translucent.NoTitleBar" />
99-->[com.google.android.gms:play-services-base:17.5.0] AndroidManifest.xml:26:13-72
100
101        <meta-data
101-->[com.google.android.gms:play-services-basement:17.5.0] AndroidManifest.xml:23:9-25:69
102            android:name="com.google.android.gms.version"
102-->[com.google.android.gms:play-services-basement:17.5.0] AndroidManifest.xml:24:13-58
103            android:value="@integer/google_play_services_version" />
103-->[com.google.android.gms:play-services-basement:17.5.0] AndroidManifest.xml:25:13-66
104
105        <provider
105-->[androidx.emoji2:emoji2:1.0.0] AndroidManifest.xml:26:9-34:20
106            android:name="androidx.startup.InitializationProvider"
106-->[androidx.emoji2:emoji2:1.0.0] AndroidManifest.xml:27:13-67
107            android:authorities="com.makesol.tpp.androidx-startup"
107-->[androidx.emoji2:emoji2:1.0.0] AndroidManifest.xml:28:13-68
108            android:exported="false" >
108-->[androidx.emoji2:emoji2:1.0.0] AndroidManifest.xml:29:13-37
109            <meta-data
109-->[androidx.emoji2:emoji2:1.0.0] AndroidManifest.xml:31:13-33:52
110                android:name="androidx.emoji2.text.EmojiCompatInitializer"
110-->[androidx.emoji2:emoji2:1.0.0] AndroidManifest.xml:32:17-75
111                android:value="androidx.startup" />
111-->[androidx.emoji2:emoji2:1.0.0] AndroidManifest.xml:33:17-49
112            <meta-data
112-->[androidx.lifecycle:lifecycle-process:2.4.0] AndroidManifest.xml:31:13-33:52
113                android:name="androidx.lifecycle.ProcessLifecycleInitializer"
113-->[androidx.lifecycle:lifecycle-process:2.4.0] AndroidManifest.xml:32:17-78
114                android:value="androidx.startup" />
114-->[androidx.lifecycle:lifecycle-process:2.4.0] AndroidManifest.xml:33:17-49
115        </provider>
116
117        <uses-library
117-->[androidx.camera:camera-extensions:1.1.0-beta02] AndroidManifest.xml:31:9-33:40
118            android:name="androidx.camera.extensions.impl"
118-->[androidx.camera:camera-extensions:1.1.0-beta02] AndroidManifest.xml:32:13-59
119            android:required="false" />
119-->[androidx.camera:camera-extensions:1.1.0-beta02] AndroidManifest.xml:33:13-37
120
121        <service
121-->[androidx.camera:camera-camera2:1.1.0-beta02] AndroidManifest.xml:26:9-35:19
122            android:name="androidx.camera.core.impl.MetadataHolderService"
122-->[androidx.camera:camera-camera2:1.1.0-beta02] AndroidManifest.xml:27:13-75
123            android:enabled="false"
123-->[androidx.camera:camera-camera2:1.1.0-beta02] AndroidManifest.xml:28:13-36
124            android:exported="false" >
124-->[androidx.camera:camera-camera2:1.1.0-beta02] AndroidManifest.xml:29:13-37
125            <meta-data
125-->[androidx.camera:camera-camera2:1.1.0-beta02] AndroidManifest.xml:32:13-34:89
126                android:name="androidx.camera.core.impl.MetadataHolderService.DEFAULT_CONFIG_PROVIDER"
126-->[androidx.camera:camera-camera2:1.1.0-beta02] AndroidManifest.xml:33:17-103
127                android:value="androidx.camera.camera2.Camera2Config$DefaultProvider" />
127-->[androidx.camera:camera-camera2:1.1.0-beta02] AndroidManifest.xml:34:17-86
128        </service>
129    </application>
130
131</manifest>